<?xml version="1.0" encoding="UTF-8"?>
<testng-results ignored="0" total="1" passed="1" failed="0" skipped="0">
  <reporter-output>
  </reporter-output>
  <suite started-at="2023-02-14T10:40:10 IST" name="Default suite" finished-at="2023-02-14T10:40:15 IST" duration-ms="5216">
    <groups>
    </groups>
    <test started-at="2023-02-14T10:40:10 IST" name="Default test" finished-at="2023-02-14T10:40:15 IST" duration-ms="5216">
      <class name="test.ExtentReports.report1">
        <test-method is-config="true" signature="config()[pri:0, instance:test.ExtentReports.report1@48aca48b]" started-at="2023-02-14T10:40:10 IST" name="config" finished-at="2023-02-14T10:40:10 IST" duration-ms="374" status="PASS">
          <reporter-output>
          </reporter-output>
        </test-method> <!-- config -->
        <test-method signature="initialDemo()[pri:0, instance:test.ExtentReports.report1@48aca48b]" started-at="2023-02-14T10:40:11 IST" name="initialDemo" finished-at="2023-02-14T10:40:15 IST" duration-ms="4787" status="PASS">
          <reporter-output>
          </reporter-output>
        </test-method> <!-- initialDemo -->
      </class> <!-- test.ExtentReports.report1 -->
    </test> <!-- Default test -->
  </suite> <!-- Default suite -->
</testng-results>
